<?xml version="1.0" encoding="UTF-8"?>
<!-- Generated by org.testng.reporters.JUnitReportReporter -->
<testsuite hostname="ZPPS-VIDHATE-WASTI" failures="0" tests="6" name="api.test.CreateUserDDT" time="15.343" errors="0" timestamp="2023-04-03T21:57:53 IST" skipped="0">
  <testcase classname="api.test.CreateUserDDT" name="testCreateUser" time="0.810"/>
  <system-out/>
  <testcase classname="api.test.CreateUserDDT" name="testCreateUser" time="0.822"/>
  <system-out/>
  <testcase classname="api.test.CreateUserDDT" name="testCreateUser" time="0.709"/>
  <system-out/>
  <testcase classname="api.test.CreateUserDDT" name="testCreateUser" time="0.802"/>
  <system-out/>
  <testcase classname="api.test.CreateUserDDT" name="testCreateUser" time="0.794"/>
  <system-out/>
  <testcase classname="api.test.CreateUserDDT" name="testCreateUser" time="11.406"/>
  <system-out/>
</testsuite> <!-- api.test.CreateUserDDT -->
