<?xml version="1.0" encoding="UTF-8"?>
<!-- Generated by org.testng.reporters.JUnitReportReporter -->
<testsuite hostname="ZPPS-VIDHATE-WASTI" failures="0" tests="6" name="api.test.DataDrivenTests" time="18.290" errors="0" timestamp="2023-03-22T18:34:22 IST" skipped="0">
  <testcase classname="api.test.DataDrivenTests" name="testPostUser" time="1.930"/>
  <system-out/>
  <testcase classname="api.test.DataDrivenTests" name="testPostUser" time="8.623"/>
  <system-out/>
  <testcase classname="api.test.DataDrivenTests" name="testPostUser" time="2.046"/>
  <system-out/>
  <testcase classname="api.test.DataDrivenTests" name="testDeleteUserByName" time="1.969"/>
  <system-out/>
  <testcase classname="api.test.DataDrivenTests" name="testDeleteUserByName" time="1.910"/>
  <system-out/>
  <testcase classname="api.test.DataDrivenTests" name="testDeleteUserByName" time="1.812"/>
  <system-out/>
</testsuite> <!-- api.test.DataDrivenTests -->
