<?xml version="1.0" encoding="UTF-8"?>
<!-- Generated by org.testng.reporters.JUnitReportReporter -->
<testsuite hostname="ZPPS-VIDHATE-WASTI" failures="0" tests="9" name="api.test.StoreDataDrivenTest" time="16.607" errors="0" timestamp="2023-04-02T18:07:28 IST" skipped="0">
  <testcase classname="api.test.StoreDataDrivenTest" name="testPostOrder" time="2.180"/>
  <system-out/>
  <testcase classname="api.test.StoreDataDrivenTest" name="testPostOrder" time="1.795"/>
  <system-out/>
  <testcase classname="api.test.StoreDataDrivenTest" name="testPostOrder" time="1.822"/>
  <system-out/>
  <testcase classname="api.test.StoreDataDrivenTest" name="testGetOrder" time="1.669"/>
  <system-out/>
  <testcase classname="api.test.StoreDataDrivenTest" name="testGetOrder" time="1.805"/>
  <system-out/>
  <testcase classname="api.test.StoreDataDrivenTest" name="testGetOrder" time="1.852"/>
  <system-out/>
  <testcase classname="api.test.StoreDataDrivenTest" name="testDeleteOrder" time="1.846"/>
  <system-out/>
  <testcase classname="api.test.StoreDataDrivenTest" name="testDeleteOrder" time="1.776"/>
  <system-out/>
  <testcase classname="api.test.StoreDataDrivenTest" name="testDeleteOrder" time="1.862"/>
  <system-out/>
</testsuite> <!-- api.test.StoreDataDrivenTest -->
