<?xml version="1.0" encoding="UTF-8"?>
<!-- Generated by org.testng.reporters.JUnitReportReporter -->
<testsuite hostname="ZPPS-VIDHATE-WASTI" failures="0" tests="6" name="api.test.CreateUserDDT" time="19.144" errors="0" timestamp="2023-04-02T20:54:55 IST" skipped="0">
  <testcase classname="api.test.CreateUserDDT" name="testCreateUser" time="0.627"/>
  <system-out/>
  <testcase classname="api.test.CreateUserDDT" name="testCreateUser" time="0.657"/>
  <system-out/>
  <testcase classname="api.test.CreateUserDDT" name="testCreateUser" time="16.113"/>
  <system-out/>
  <testcase classname="api.test.CreateUserDDT" name="testCreateUser" time="0.625"/>
  <system-out/>
  <testcase classname="api.test.CreateUserDDT" name="testCreateUser" time="0.534"/>
  <system-out/>
  <testcase classname="api.test.CreateUserDDT" name="testCreateUser" time="0.588"/>
  <system-out/>
</testsuite> <!-- api.test.CreateUserDDT -->
