<?xml version="1.0" encoding="UTF-8"?>
<!-- Generated by org.testng.reporters.JUnitReportReporter -->
<testsuite hostname="ZPPS-VIDHATE-WASTI" failures="0" tests="6" name="api.test.UserDataDrivenTests" time="15.848" errors="0" timestamp="2023-03-22T22:51:23 IST" skipped="0">
  <testcase classname="api.test.UserDataDrivenTests" name="testPostUser" time="6.202"/>
  <system-out/>
  <testcase classname="api.test.UserDataDrivenTests" name="testPostUser" time="1.904"/>
  <system-out/>
  <testcase classname="api.test.UserDataDrivenTests" name="testPostUser" time="1.908"/>
  <system-out/>
  <testcase classname="api.test.UserDataDrivenTests" name="testDeleteUserByName" time="1.870"/>
  <system-out/>
  <testcase classname="api.test.UserDataDrivenTests" name="testDeleteUserByName" time="2.041"/>
  <system-out/>
  <testcase classname="api.test.UserDataDrivenTests" name="testDeleteUserByName" time="1.923"/>
  <system-out/>
</testsuite> <!-- api.test.UserDataDrivenTests -->
