<?xml version="1.0" encoding="UTF-8"?>
<!-- Generated by org.testng.reporters.JUnitReportReporter -->
<testsuite hostname="ZPPS-VIDHATE-WASTI" failures="0" tests="4" name="api.test.UserTest" time="15.055" errors="0" timestamp="2023-04-02T18:40:13 IST" skipped="0">
  <testcase classname="api.test.UserTest" name="testPostUser" time="7.463"/>
  <system-out/>
  <testcase classname="api.test.UserTest" name="testGetUserByName" time="1.912"/>
  <system-out/>
  <testcase classname="api.test.UserTest" name="testUpdateUserByName" time="3.661"/>
  <system-out/>
  <testcase classname="api.test.UserTest" name="testDeleteUserByName" time="2.019"/>
  <system-out/>
</testsuite> <!-- api.test.UserTest -->
