<?xml version="1.0" encoding="UTF-8"?>
<!-- Generated by org.testng.reporters.JUnitReportReporter -->
<testsuite hostname="ZPPS-VIDHATE-WASTI" failures="0" tests="9" name="api.test.UserPropertiesDDT" time="16.428" errors="0" timestamp="2023-04-02T18:07:28 IST" skipped="0">
  <testcase classname="api.test.UserPropertiesDDT" name="testPostUser" time="1.797"/>
  <system-out/>
  <testcase classname="api.test.UserPropertiesDDT" name="testPostUser" time="1.909"/>
  <system-out/>
  <testcase classname="api.test.UserPropertiesDDT" name="testPostUser" time="1.869"/>
  <system-out/>
  <testcase classname="api.test.UserPropertiesDDT" name="testGetUserByName" time="2.158"/>
  <system-out/>
  <testcase classname="api.test.UserPropertiesDDT" name="testGetUserByName" time="1.733"/>
  <system-out/>
  <testcase classname="api.test.UserPropertiesDDT" name="testGetUserByName" time="1.739"/>
  <system-out/>
  <testcase classname="api.test.UserPropertiesDDT" name="testDeleteUserByName" time="1.664"/>
  <system-out/>
  <testcase classname="api.test.UserPropertiesDDT" name="testDeleteUserByName" time="1.767"/>
  <system-out/>
  <testcase classname="api.test.UserPropertiesDDT" name="testDeleteUserByName" time="1.792"/>
  <system-out/>
</testsuite> <!-- api.test.UserPropertiesDDT -->
