<?xml version="1.0" encoding="UTF-8"?>
<!-- Generated by org.testng.reporters.JUnitReportReporter -->
<testsuite hostname="ZPPS-VIDHATE-WASTI" failures="0" tests="3" name="api.test.UserDataDrivenTest" time="10.227" errors="0" timestamp="2023-04-02T18:08:23 IST" skipped="0">
  <testcase classname="api.test.UserDataDrivenTest" name="testPostUser" time="1.826"/>
  <system-out/>
  <testcase classname="api.test.UserDataDrivenTest" name="testPostUser" time="6.616"/>
  <system-out/>
  <testcase classname="api.test.UserDataDrivenTest" name="testPostUser" time="1.785"/>
  <system-out/>
</testsuite> <!-- api.test.UserDataDrivenTest -->
