<?xml version="1.0" encoding="UTF-8"?>
<!-- Generated by org.testng.reporters.JUnitReportReporter -->
<testsuite hostname="ZPPS-VIDHATE-WASTI" failures="0" tests="9" name="api.test.UserPropertiesDDT" time="15.969" errors="0" timestamp="2023-04-04T19:35:22 IST" skipped="0">
  <testcase classname="api.test.UserPropertiesDDT" name="testPostUser" time="1.835"/>
  <system-out/>
  <testcase classname="api.test.UserPropertiesDDT" name="testPostUser" time="1.829"/>
  <system-out/>
  <testcase classname="api.test.UserPropertiesDDT" name="testPostUser" time="1.753"/>
  <system-out/>
  <testcase classname="api.test.UserPropertiesDDT" name="testGetUserByName" time="1.775"/>
  <system-out/>
  <testcase classname="api.test.UserPropertiesDDT" name="testGetUserByName" time="1.739"/>
  <system-out/>
  <testcase classname="api.test.UserPropertiesDDT" name="testGetUserByName" time="1.675"/>
  <system-out/>
  <testcase classname="api.test.UserPropertiesDDT" name="testDeleteUserByName" time="1.760"/>
  <system-out/>
  <testcase classname="api.test.UserPropertiesDDT" name="testDeleteUserByName" time="1.853"/>
  <system-out/>
  <testcase classname="api.test.UserPropertiesDDT" name="testDeleteUserByName" time="1.750"/>
  <system-out/>
</testsuite> <!-- api.test.UserPropertiesDDT -->
