<?xml version="1.0" encoding="UTF-8"?>
<!-- Generated by org.testng.reporters.JUnitReportReporter -->
<testsuite hostname="ZPPS-VIDHATE-WASTI" failures="0" tests="9" name="api.test.UserDataDrivenTest" time="25.077" errors="0" timestamp="2023-03-30T09:58:48 IST" skipped="0">
  <testcase classname="api.test.UserDataDrivenTest" name="testPostUser" time="1.721"/>
  <system-out/>
  <testcase classname="api.test.UserDataDrivenTest" name="testPostUser" time="1.899"/>
  <system-out/>
  <testcase classname="api.test.UserDataDrivenTest" name="testPostUser" time="10.249"/>
  <system-out/>
  <testcase classname="api.test.UserDataDrivenTest" name="testGetUserByName" time="1.787"/>
  <system-out/>
  <testcase classname="api.test.UserDataDrivenTest" name="testGetUserByName" time="1.978"/>
  <system-out/>
  <testcase classname="api.test.UserDataDrivenTest" name="testGetUserByName" time="1.852"/>
  <system-out/>
  <testcase classname="api.test.UserDataDrivenTest" name="testDeleteUserByName" time="1.887"/>
  <system-out/>
  <testcase classname="api.test.UserDataDrivenTest" name="testDeleteUserByName" time="1.861"/>
  <system-out/>
  <testcase classname="api.test.UserDataDrivenTest" name="testDeleteUserByName" time="1.843"/>
  <system-out/>
</testsuite> <!-- api.test.UserDataDrivenTest -->
