<?xml version="1.0" encoding="UTF-8"?>
<!-- Generated by org.testng.reporters.JUnitReportReporter -->
<testsuite hostname="ZPPS-VIDHATE-WASTI" failures="0" tests="9" name="api.test.UserDataDrivenTest" time="24.826" errors="0" timestamp="2023-04-04T19:35:22 IST" skipped="0">
  <testcase classname="api.test.UserDataDrivenTest" name="testPostUser" time="2.320"/>
  <system-out/>
  <testcase classname="api.test.UserDataDrivenTest" name="testPostUser" time="1.828"/>
  <system-out/>
  <testcase classname="api.test.UserDataDrivenTest" name="testPostUser" time="10.117"/>
  <system-out/>
  <testcase classname="api.test.UserDataDrivenTest" name="testGetUserByName" time="1.711"/>
  <system-out/>
  <testcase classname="api.test.UserDataDrivenTest" name="testGetUserByName" time="1.725"/>
  <system-out/>
  <testcase classname="api.test.UserDataDrivenTest" name="testGetUserByName" time="1.858"/>
  <system-out/>
  <testcase classname="api.test.UserDataDrivenTest" name="testDeleteUserByName" time="1.754"/>
  <system-out/>
  <testcase classname="api.test.UserDataDrivenTest" name="testDeleteUserByName" time="1.772"/>
  <system-out/>
  <testcase classname="api.test.UserDataDrivenTest" name="testDeleteUserByName" time="1.741"/>
  <system-out/>
</testsuite> <!-- api.test.UserDataDrivenTest -->
