<?xml version="1.0" encoding="UTF-8"?>
<!-- Generated by org.testng.reporters.JUnitReportReporter -->
<testsuite hostname="ZPPS-VIDHATE-WASTI" failures="0" tests="4" name="api.test.UserTest" time="10.141" errors="0" timestamp="2023-03-30T09:58:48 IST" skipped="0">
  <testcase classname="api.test.UserTest" name="testPostUser" time="2.715"/>
  <system-out/>
  <testcase classname="api.test.UserTest" name="testGetUserByName" time="1.801"/>
  <system-out/>
  <testcase classname="api.test.UserTest" name="testUpdateUserByName" time="3.777"/>
  <system-out/>
  <testcase classname="api.test.UserTest" name="testDeleteUserByName" time="1.848"/>
  <system-out/>
</testsuite> <!-- api.test.UserTest -->
