<?xml version="1.0" encoding="UTF-8"?>
<!-- Generated by org.testng.reporters.JUnitReportReporter -->
<testsuite hostname="ZPPS-VIDHATE-WASTI" failures="0" tests="9" name="api.test.UserDataDrivenTest" time="22.978" errors="0" timestamp="2023-04-03T10:09:29 IST" skipped="0">
  <testcase classname="api.test.UserDataDrivenTest" name="testPostUser" time="1.969"/>
  <system-out/>
  <testcase classname="api.test.UserDataDrivenTest" name="testPostUser" time="7.623"/>
  <system-out/>
  <testcase classname="api.test.UserDataDrivenTest" name="testPostUser" time="1.827"/>
  <system-out/>
  <testcase classname="api.test.UserDataDrivenTest" name="testGetUserByName" time="1.983"/>
  <system-out/>
  <testcase classname="api.test.UserDataDrivenTest" name="testGetUserByName" time="1.953"/>
  <system-out/>
  <testcase classname="api.test.UserDataDrivenTest" name="testGetUserByName" time="1.890"/>
  <system-out/>
  <testcase classname="api.test.UserDataDrivenTest" name="testDeleteUserByName" time="1.875"/>
  <system-out/>
  <testcase classname="api.test.UserDataDrivenTest" name="testDeleteUserByName" time="1.890"/>
  <system-out/>
  <testcase classname="api.test.UserDataDrivenTest" name="testDeleteUserByName" time="1.968"/>
  <system-out/>
</testsuite> <!-- api.test.UserDataDrivenTest -->
