<?xml version="1.0" encoding="UTF-8"?>
<!-- Generated by org.testng.reporters.JUnitReportReporter -->
<testsuite hostname="ZPPS-VIDHATE-WASTI" failures="0" tests="9" name="api.test.UserPropertiesDDT" time="17.995" errors="0" timestamp="2023-04-03T10:09:29 IST" skipped="0">
  <testcase classname="api.test.UserPropertiesDDT" name="testPostUser" time="1.843"/>
  <system-out/>
  <testcase classname="api.test.UserPropertiesDDT" name="testPostUser" time="1.984"/>
  <system-out/>
  <testcase classname="api.test.UserPropertiesDDT" name="testPostUser" time="2.109"/>
  <system-out/>
  <testcase classname="api.test.UserPropertiesDDT" name="testGetUserByName" time="1.875"/>
  <system-out/>
  <testcase classname="api.test.UserPropertiesDDT" name="testGetUserByName" time="2.062"/>
  <system-out/>
  <testcase classname="api.test.UserPropertiesDDT" name="testGetUserByName" time="2.374"/>
  <system-out/>
  <testcase classname="api.test.UserPropertiesDDT" name="testDeleteUserByName" time="1.937"/>
  <system-out/>
  <testcase classname="api.test.UserPropertiesDDT" name="testDeleteUserByName" time="1.952"/>
  <system-out/>
  <testcase classname="api.test.UserPropertiesDDT" name="testDeleteUserByName" time="1.859"/>
  <system-out/>
</testsuite> <!-- api.test.UserPropertiesDDT -->
