<?xml version="1.0" encoding="UTF-8"?>
<!-- Generated by org.testng.reporters.JUnitReportReporter -->
<testsuite hostname="ZPPS-VIDHATE-WASTI" failures="0" tests="6" name="api.test.CreateUserDDT" time="4.287" errors="0" timestamp="2023-04-04T19:35:22 IST" skipped="0">
  <testcase classname="api.test.CreateUserDDT" name="testCreateUser" time="0.673"/>
  <system-out/>
  <testcase classname="api.test.CreateUserDDT" name="testCreateUser" time="0.652"/>
  <system-out/>
  <testcase classname="api.test.CreateUserDDT" name="testCreateUser" time="0.626"/>
  <system-out/>
  <testcase classname="api.test.CreateUserDDT" name="testCreateUser" time="1.062"/>
  <system-out/>
  <testcase classname="api.test.CreateUserDDT" name="testCreateUser" time="0.657"/>
  <system-out/>
  <testcase classname="api.test.CreateUserDDT" name="testCreateUser" time="0.617"/>
  <system-out/>
</testsuite> <!-- api.test.CreateUserDDT -->
