<?xml version="1.0" encoding="UTF-8"?>
<!-- Generated by org.testng.reporters.JUnitReportReporter -->
<testsuite hostname="ZPPS-VIDHATE-WASTI" failures="0" tests="4" name="api.test.UserTest" time="9.546" errors="0" timestamp="2023-04-03T10:09:29 IST" skipped="0">
  <testcase classname="api.test.UserTest" name="testPostUser" time="1.905"/>
  <system-out/>
  <testcase classname="api.test.UserTest" name="testGetUserByName" time="1.875"/>
  <system-out/>
  <testcase classname="api.test.UserTest" name="testUpdateUserByName" time="3.892"/>
  <system-out/>
  <testcase classname="api.test.UserTest" name="testDeleteUserByName" time="1.874"/>
  <system-out/>
</testsuite> <!-- api.test.UserTest -->
