<?xml version="1.0" encoding="UTF-8"?>
<!-- Generated by org.testng.reporters.JUnitReportReporter -->
<testsuite hostname="ZPPS-VIDHATE-WASTI" failures="0" tests="9" name="api.test.StoreDataDrivenTest" time="16.632" errors="0" timestamp="2023-04-04T19:35:22 IST" skipped="0">
  <testcase classname="api.test.StoreDataDrivenTest" name="testPostOrder" time="1.973"/>
  <system-out/>
  <testcase classname="api.test.StoreDataDrivenTest" name="testPostOrder" time="1.966"/>
  <system-out/>
  <testcase classname="api.test.StoreDataDrivenTest" name="testPostOrder" time="1.869"/>
  <system-out/>
  <testcase classname="api.test.StoreDataDrivenTest" name="testGetOrder" time="1.767"/>
  <system-out/>
  <testcase classname="api.test.StoreDataDrivenTest" name="testGetOrder" time="1.805"/>
  <system-out/>
  <testcase classname="api.test.StoreDataDrivenTest" name="testGetOrder" time="1.894"/>
  <system-out/>
  <testcase classname="api.test.StoreDataDrivenTest" name="testDeleteOrder" time="1.881"/>
  <system-out/>
  <testcase classname="api.test.StoreDataDrivenTest" name="testDeleteOrder" time="1.782"/>
  <system-out/>
  <testcase classname="api.test.StoreDataDrivenTest" name="testDeleteOrder" time="1.695"/>
  <system-out/>
</testsuite> <!-- api.test.StoreDataDrivenTest -->
