<?xml version="1.0" encoding="UTF-8"?>
<!-- Generated by org.testng.reporters.JUnitReportReporter -->
<testsuite hostname="ZPPS-VIDHATE-WASTI" failures="0" tests="9" name="api.test.UserPropertiesDDT" time="37.614" errors="0" timestamp="2023-03-30T09:58:48 IST" skipped="0">
  <testcase classname="api.test.UserPropertiesDDT" name="testPostUser" time="1.872"/>
  <system-out/>
  <testcase classname="api.test.UserPropertiesDDT" name="testPostUser" time="2.081"/>
  <system-out/>
  <testcase classname="api.test.UserPropertiesDDT" name="testPostUser" time="22.748"/>
  <system-out/>
  <testcase classname="api.test.UserPropertiesDDT" name="testGetUserByName" time="1.726"/>
  <system-out/>
  <testcase classname="api.test.UserPropertiesDDT" name="testGetUserByName" time="1.785"/>
  <system-out/>
  <testcase classname="api.test.UserPropertiesDDT" name="testGetUserByName" time="1.713"/>
  <system-out/>
  <testcase classname="api.test.UserPropertiesDDT" name="testDeleteUserByName" time="1.873"/>
  <system-out/>
  <testcase classname="api.test.UserPropertiesDDT" name="testDeleteUserByName" time="1.778"/>
  <system-out/>
  <testcase classname="api.test.UserPropertiesDDT" name="testDeleteUserByName" time="2.038"/>
  <system-out/>
</testsuite> <!-- api.test.UserPropertiesDDT -->
