<?xml version="1.0" encoding="UTF-8"?>
<!-- Generated by org.testng.reporters.JUnitReportReporter -->
<testsuite hostname="ZPPS-VIDHATE-WASTI" failures="0" tests="9" name="api.test.StoreDataDrivenTest" time="17.463" errors="0" timestamp="2023-04-03T10:09:29 IST" skipped="0">
  <testcase classname="api.test.StoreDataDrivenTest" name="testPostOrder" time="1.906"/>
  <system-out/>
  <testcase classname="api.test.StoreDataDrivenTest" name="testPostOrder" time="1.858"/>
  <system-out/>
  <testcase classname="api.test.StoreDataDrivenTest" name="testPostOrder" time="1.984"/>
  <system-out/>
  <testcase classname="api.test.StoreDataDrivenTest" name="testGetOrder" time="1.937"/>
  <system-out/>
  <testcase classname="api.test.StoreDataDrivenTest" name="testGetOrder" time="1.983"/>
  <system-out/>
  <testcase classname="api.test.StoreDataDrivenTest" name="testGetOrder" time="2.000"/>
  <system-out/>
  <testcase classname="api.test.StoreDataDrivenTest" name="testDeleteOrder" time="1.999"/>
  <system-out/>
  <testcase classname="api.test.StoreDataDrivenTest" name="testDeleteOrder" time="1.844"/>
  <system-out/>
  <testcase classname="api.test.StoreDataDrivenTest" name="testDeleteOrder" time="1.952"/>
  <system-out/>
</testsuite> <!-- api.test.StoreDataDrivenTest -->
